<?xml version="1.0" encoding="UTF-8"?>
<testng-results skipped="0" failed="0" total="1" passed="1">
  <reporter-output>
  </reporter-output>
  <suite name="Suite" duration-ms="71074" started-at="2020-08-15T13:12:59Z" finished-at="2020-08-15T13:14:10Z">
    <groups>
      <group name="cucumber">
        <method signature="AbstractTestNGCucumberTests.feature(cucumber.api.testng.CucumberFeatureWrapper)[pri:0, instance:runner.ExecuteTestRunner@9660f4e]" name="feature" class="cucumber.api.testng.AbstractTestNGCucumberTests"/>
      </group> <!-- cucumber -->
    </groups>
    <test name="Test" duration-ms="71074" started-at="2020-08-15T13:12:59Z" finished-at="2020-08-15T13:14:10Z">
      <class name="runner.ExecuteTestRunner">
        <test-method status="PASS" signature="setUpClass()[pri:0, instance:runner.ExecuteTestRunner@9660f4e]" name="setUpClass" is-config="true" duration-ms="217" started-at="2020-08-15T18:42:59Z" finished-at="2020-08-15T18:43:00Z">
          <reporter-output>
          </reporter-output>
        </test-method> <!-- setUpClass -->
        <test-method status="PASS" signature="feature(cucumber.api.testng.CucumberFeatureWrapper)[pri:0, instance:runner.ExecuteTestRunner@9660f4e]" name="feature" duration-ms="70376" started-at="2020-08-15T18:43:00Z" description="Runs Cucumber Feature" data-provider="features" finished-at="2020-08-15T18:44:10Z">
          <params>
            <param index="0">
              <value>
                <![CDATA[Verifying Details for General Store]]>
              </value>
            </param>
          </params>
          <reporter-output>
          </reporter-output>
        </test-method> <!-- feature -->
        <test-method status="PASS" signature="writeExtentReport()[pri:0, instance:runner.ExecuteTestRunner@9660f4e]" name="writeExtentReport" is-config="true" duration-ms="28" started-at="2020-08-15T18:44:10Z" finished-at="2020-08-15T18:44:10Z">
          <reporter-output>
          </reporter-output>
        </test-method> <!-- writeExtentReport -->
        <test-method status="PASS" signature="tearDownClass()[pri:0, instance:runner.ExecuteTestRunner@9660f4e]" name="tearDownClass" is-config="true" duration-ms="379" started-at="2020-08-15T18:44:10Z" finished-at="2020-08-15T18:44:10Z">
          <reporter-output>
          </reporter-output>
        </test-method> <!-- tearDownClass -->
      </class> <!-- runner.ExecuteTestRunner -->
    </test> <!-- Test -->
  </suite> <!-- Suite -->
</testng-results>
